<?xml version="1.0" encoding="UTF-8"?>
<testng-results ignored="0" total="1" passed="1" failed="0" skipped="0">
  <reporter-output>
  </reporter-output>
  <suite started-at="2021-10-25T21:47:04 CST" name="Default suite" finished-at="2021-10-25T21:47:09 CST" duration-ms="4615">
    <groups>
    </groups>
    <test started-at="2021-10-25T21:47:04 CST" name="Default test" finished-at="2021-10-25T21:47:09 CST" duration-ms="4615">
      <class name="case1.testCase1">
        <test-method is-config="true" signature="initWebDriver()[pri:0, instance:case1.testCase1@543588e6]" started-at="2021-10-25T21:47:04 CST" name="initWebDriver" finished-at="2021-10-25T21:47:05 CST" duration-ms="1279" status="PASS">
          <reporter-output>
          </reporter-output>
        </test-method> <!-- initWebDriver -->
        <test-method signature="testCase_001()[pri:0, instance:case1.testCase1@543588e6]" started-at="2021-10-25T21:47:05 CST" name="testCase_001" description="登录成功" finished-at="2021-10-25T21:47:09 CST" duration-ms="3316" status="PASS">
          <reporter-output>
          </reporter-output>
        </test-method> <!-- testCase_001 -->
      </class> <!-- case1.testCase1 -->
    </test> <!-- Default test -->
  </suite> <!-- Default suite -->
</testng-results>
